0 info it worked if it ends with ok
1 verbose cli [ 'C:\\Program Files\\nodejs\\node.exe',
1 verbose cli   'C:\\Program Files\\nodejs\\node_modules\\npm\\bin\\npm-cli.js',
1 verbose cli   'run',
1 verbose cli   'coveralls' ]
2 info using npm@3.10.10
3 info using node@v6.11.4
4 verbose run-script [ 'precoveralls', 'coveralls', 'postcoveralls' ]
5 info lifecycle more-recipes@1.0.0~precoveralls: more-recipes@1.0.0
6 silly lifecycle more-recipes@1.0.0~precoveralls: no script for precoveralls, continuing
7 info lifecycle more-recipes@1.0.0~coveralls: more-recipes@1.0.0
8 verbose lifecycle more-recipes@1.0.0~coveralls: unsafe-perm in lifecycle true
9 verbose lifecycle more-recipes@1.0.0~coveralls: PATH: C:\Program Files\nodejs\node_modules\npm\bin\node-gyp-bin;C:\xampp\htdocs\More-Recipes\node_modules\.bin;;C:\Program Files\Git\bin\git.exe;C:\Program Files\Git\cmd;C:\Windows\System32;C:\Program Files (x86)\Brackets\command;C:\Program Files\nodejs\;C:\Users\Gift\AppData\Local\Programs\Python\Python35-;c:\p;C:\Python34;C:\Windows\System32;C:\Program Files\Heroku\bin;C:\Users\Gift\AppData\Roaming\npm;C:\Program Files\Microsoft VS Code\bin
10 verbose lifecycle more-recipes@1.0.0~coveralls: CWD: C:\xampp\htdocs\More-Recipes
11 silly lifecycle more-recipes@1.0.0~coveralls: Args: [ '/d /s /c',
11 silly lifecycle   'nyc npm test&& nyc report --reporter=text-lcov | coveralls' ]
12 silly lifecycle more-recipes@1.0.0~coveralls: Returned: code: 1  signal: null
13 info lifecycle more-recipes@1.0.0~coveralls: Failed to exec coveralls script
14 verbose stack Error: more-recipes@1.0.0 coveralls: `nyc npm test&& nyc report --reporter=text-lcov | coveralls`
14 verbose stack Exit status 1
14 verbose stack     at EventEmitter.<anonymous> (C:\Program Files\nodejs\node_modules\npm\lib\utils\lifecycle.js:255:16)
14 verbose stack     at emitTwo (events.js:106:13)
14 verbose stack     at EventEmitter.emit (events.js:191:7)
14 verbose stack     at ChildProcess.<anonymous> (C:\Program Files\nodejs\node_modules\npm\lib\utils\spawn.js:40:14)
14 verbose stack     at emitTwo (events.js:106:13)
14 verbose stack     at ChildProcess.emit (events.js:191:7)
14 verbose stack     at maybeClose (internal/child_process.js:920:16)
14 verbose stack     at Process.ChildProcess._handle.onexit (internal/child_process.js:230:5)
15 verbose pkgid more-recipes@1.0.0
16 verbose cwd C:\xampp\htdocs\More-Recipes
17 error Windows_NT 6.2.9200
18 error argv "C:\\Program Files\\nodejs\\node.exe" "C:\\Program Files\\nodejs\\node_modules\\npm\\bin\\npm-cli.js" "run" "coveralls"
19 error node v6.11.4
20 error npm  v3.10.10
21 error code ELIFECYCLE
22 error more-recipes@1.0.0 coveralls: `nyc npm test&& nyc report --reporter=text-lcov | coveralls`
22 error Exit status 1
23 error Failed at the more-recipes@1.0.0 coveralls script 'nyc npm test&& nyc report --reporter=text-lcov | coveralls'.
23 error Make sure you have the latest version of node.js and npm installed.
23 error If you do, this is most likely a problem with the more-recipes package,
23 error not with npm itself.
23 error Tell the author that this fails on your system:
23 error     nyc npm test&& nyc report --reporter=text-lcov | coveralls
23 error You can get information on how to open an issue for this project with:
23 error     npm bugs more-recipes
23 error Or if that isn't available, you can get their info via:
23 error     npm owner ls more-recipes
23 error There is likely additional logging output above.
24 verbose exit [ 1, true ]
